<?xml version="1.0" encoding="UTF-8"?>
<!-- Generated by org.testng.reporters.JUnitReportReporter -->
<testsuite hostname="DESKTOP-J00HP0F" failures="0" tests="1" name="com.hrms.testscripts.TC001LoginPage" time="14.319" errors="0" timestamp="13 Sep 2023 20:54:08 GMT">
  <testcase classname="com.hrms.testscripts.TC001LoginPage" name="tc001" time="14.319"/>
</testsuite> <!-- com.hrms.testscripts.TC001LoginPage -->
