<?xml version="1.0" encoding="UTF-8"?>
<!-- Generated by org.testng.reporters.JUnitReportReporter -->
<testsuite hostname="DESKTOP-J00HP0F" failures="0" tests="1" name="com.hrms.testscripts.TC003EmployeeList" time="27.878" errors="0" timestamp="13 Sep 2023 20:54:08 GMT">
  <testcase classname="com.hrms.testscripts.TC003EmployeeList" name="tc003" time="27.878"/>
</testsuite> <!-- com.hrms.testscripts.TC003EmployeeList -->
