<?xml version="1.0" encoding="UTF-8"?>
<!-- Generated by org.testng.reporters.JUnitReportReporter -->
<testsuite hostname="DESKTOP-J00HP0F" failures="0" tests="1" name="com.hrms.testscripts.TC006Admin" time="42.321" errors="0" timestamp="13 Sep 2023 20:54:08 GMT">
  <testcase classname="com.hrms.testscripts.TC006Admin" name="Admin" time="42.321"/>
</testsuite> <!-- com.hrms.testscripts.TC006Admin -->
