<?xml version="1.0" encoding="UTF-8"?>
<!-- Generated by org.testng.reporters.JUnitReportReporter -->
<testsuite hostname="DESKTOP-J00HP0F" failures="0" tests="1" name="com.hrms.testscripts.TC005Benifts" time="66.512" errors="0" timestamp="13 Sep 2023 20:54:08 GMT">
  <testcase classname="com.hrms.testscripts.TC005Benifts" name="benifts" time="66.512"/>
</testsuite> <!-- com.hrms.testscripts.TC005Benifts -->
